c:\users\sitan\documents\github\banlist\release\app.lib
c:\users\sitan\documents\github\banlist\release\app.exp
c:\users\sitan\documents\github\banlist\banlist\release\cqapi.obj
c:\users\sitan\documents\github\banlist\banlist\release\unpack.obj
c:\users\sitan\documents\github\banlist\banlist\release\dllmain.obj
c:\users\sitan\documents\github\banlist\banlist\release\banlist.obj
c:\users\sitan\documents\github\banlist\banlist\release\globalvar.obj
c:\users\sitan\documents\github\banlist\banlist\release\cqapi_ex.obj
c:\users\sitan\documents\github\banlist\banlist\release\cqtools.obj
c:\users\sitan\documents\github\banlist\banlist\release\dicemsgsend.obj
c:\users\sitan\documents\github\banlist\banlist\release\cqstream.obj
c:\users\sitan\documents\github\banlist\banlist\release\cqeve.obj
c:\users\sitan\documents\github\banlist\banlist\release\mysqlclient.obj
c:\users\sitan\documents\github\banlist\banlist\release\storagebase.obj
c:\users\sitan\documents\github\banlist\banlist\release\namestorage.obj
c:\users\sitan\documents\github\banlist\banlist\release\randomgenerator.obj
c:\users\sitan\documents\github\banlist\banlist\release\namegenerator.obj
c:\users\sitan\documents\github\banlist\banlist\release\vc141.pdb
c:\users\sitan\documents\github\banlist\release\app.dll
c:\users\sitan\documents\github\banlist\banlist\release\debug.obj
c:\users\sitan\documents\github\banlist\banlist\release\app.tlog\app.write.1u.tlog
c:\users\sitan\documents\github\banlist\banlist\release\app.tlog\cl.command.1.tlog
c:\users\sitan\documents\github\banlist\banlist\release\app.tlog\cl.read.1.tlog
c:\users\sitan\documents\github\banlist\banlist\release\app.tlog\cl.write.1.tlog
c:\users\sitan\documents\github\banlist\banlist\release\app.tlog\link.command.1.tlog
c:\users\sitan\documents\github\banlist\banlist\release\app.tlog\link.delete.1.tlog
c:\users\sitan\documents\github\banlist\banlist\release\app.tlog\link.read.1.tlog
c:\users\sitan\documents\github\banlist\banlist\release\app.tlog\link.write.1.tlog
