E:\VirsualStudio\Professional\Common7\IDE\VC\VCTargets\Microsoft.CppBuild.targets(391,5): warning MSB8028: 中间目录(Release\)包含从另一个项目(com.langzaigg.BanList.vcxproj)共享的文件。   这会导致错误的清除和重新生成行为。
  CQAPI.cpp
  CQAPI_EX.cpp
  CQEVE.cpp
  CQstream.cpp
  CQTools.cpp
  Unpack.cpp
  BanList.cpp
  DiceMsgSend.cpp
  dllmain.cpp
  GlobalVar.cpp
  MysqlClient.cpp
c:\users\sitan\documents\github\banlist\banlist\mysqlclient.cpp(70): warning C4996: 'sprintf': This function or variable may be unsafe. Consider using sprintf_s instead. To disable deprecation, use _CRT_SECURE_NO_WARNINGS. See online help for details.
  e:\windows kits\10\include\10.0.17134.0\ucrt\stdio.h(1774): note: 参见“sprintf”的声明
c:\users\sitan\documents\github\banlist\banlist\mysqlclient.cpp(88): warning C4996: 'sprintf': This function or variable may be unsafe. Consider using sprintf_s instead. To disable deprecation, use _CRT_SECURE_NO_WARNINGS. See online help for details.
  e:\windows kits\10\include\10.0.17134.0\ucrt\stdio.h(1774): note: 参见“sprintf”的声明
c:\users\sitan\documents\github\banlist\banlist\mysqlclient.cpp(103): warning C4996: 'sprintf': This function or variable may be unsafe. Consider using sprintf_s instead. To disable deprecation, use _CRT_SECURE_NO_WARNINGS. See online help for details.
  e:\windows kits\10\include\10.0.17134.0\ucrt\stdio.h(1774): note: 参见“sprintf”的声明
    正在创建库 C:\Users\sitan\Documents\GitHub\BanList\Release\app.lib 和对象 C:\Users\sitan\Documents\GitHub\BanList\Release\app.exp
  正在生成代码
  已完成代码的生成
  BanList.vcxproj -> C:\Users\sitan\Documents\GitHub\BanList\Release\app.dll
