c:\users\sitan\documents\github\banlist\banlist\release\vc141.pdb
c:\users\sitan\documents\github\banlist\release\com.langzaigg.banlist.lib
c:\users\sitan\documents\github\banlist\release\com.langzaigg.banlist.exp
c:\users\sitan\documents\github\banlist\release\com.langzaigg.banlist.dll
c:\users\sitan\documents\github\banlist\banlist\release\cqapi.obj
c:\users\sitan\documents\github\banlist\banlist\release\cqapi_ex.obj
c:\users\sitan\documents\github\banlist\banlist\release\cqeve.obj
c:\users\sitan\documents\github\banlist\banlist\release\cqstream.obj
c:\users\sitan\documents\github\banlist\banlist\release\cqtools.obj
c:\users\sitan\documents\github\banlist\banlist\release\debug.obj
c:\users\sitan\documents\github\banlist\banlist\release\dicemsgsend.obj
c:\users\sitan\documents\github\banlist\banlist\release\dllmain.obj
c:\users\sitan\documents\github\banlist\banlist\release\globalvar.obj
c:\users\sitan\documents\github\banlist\banlist\release\unpack.obj
c:\users\sitan\documents\github\banlist\banlist\release\com.lang.60e0965d.tlog\cl.command.1.tlog
c:\users\sitan\documents\github\banlist\banlist\release\com.lang.60e0965d.tlog\cl.read.1.tlog
c:\users\sitan\documents\github\banlist\banlist\release\com.lang.60e0965d.tlog\cl.write.1.tlog
c:\users\sitan\documents\github\banlist\banlist\release\com.lang.60e0965d.tlog\com.langzaigg.banlist.write.1u.tlog
c:\users\sitan\documents\github\banlist\banlist\release\com.lang.60e0965d.tlog\link.command.1.tlog
c:\users\sitan\documents\github\banlist\banlist\release\com.lang.60e0965d.tlog\link.delete.1.tlog
c:\users\sitan\documents\github\banlist\banlist\release\com.lang.60e0965d.tlog\link.read.1.tlog
c:\users\sitan\documents\github\banlist\banlist\release\com.lang.60e0965d.tlog\link.write.1.tlog
